<?xml version="1.0" encoding="UTF-8"?>
<testsuite name="uy.edu.um.prog2.adt.stack.MyArrayStackImplTest" tests="3" skipped="0" failures="0" errors="0" timestamp="2020-05-27T22:27:44" hostname="RA" time="0.004">
  <properties/>
  <testcase name="pop()" classname="uy.edu.um.prog2.adt.stack.MyArrayStackImplTest" time="0.001"/>
  <testcase name="top()" classname="uy.edu.um.prog2.adt.stack.MyArrayStackImplTest" time="0.001"/>
  <testcase name="push()" classname="uy.edu.um.prog2.adt.stack.MyArrayStackImplTest" time="0.001"/>
  <system-out><![CDATA[]]></system-out>
  <system-err><![CDATA[]]></system-err>
</testsuite>
