<?xml version="1.0" encoding="UTF-8"?>
<testsuite name="uy.edu.um.prog2.adt.list.MyListTest" tests="9" skipped="0" failures="0" errors="0" timestamp="2020-05-27T22:27:44" hostname="RA" time="0.02">
  <properties/>
  <testcase name="testAdd()" classname="uy.edu.um.prog2.adt.list.MyListTest" time="0.001"/>
  <testcase name="testGet()" classname="uy.edu.um.prog2.adt.list.MyListTest" time="0.004"/>
  <testcase name="testForEach()" classname="uy.edu.um.prog2.adt.list.MyListTest" time="0.001"/>
  <testcase name="testToString()" classname="uy.edu.um.prog2.adt.list.MyListTest" time="0.001"/>
  <testcase name="testGetSize()" classname="uy.edu.um.prog2.adt.list.MyListTest" time="0.001"/>
  <testcase name="testContains()" classname="uy.edu.um.prog2.adt.list.MyListTest" time="0.001"/>
  <testcase name="testInterchange()" classname="uy.edu.um.prog2.adt.list.MyListTest" time="0.002"/>
  <testcase name="testRemove()" classname="uy.edu.um.prog2.adt.list.MyListTest" time="0.002"/>
  <testcase name="testIterator()" classname="uy.edu.um.prog2.adt.list.MyListTest" time="0.001"/>
  <system-out><![CDATA[10
12
17
26
10 12 17 26 

10
12
17
26
]]></system-out>
  <system-err><![CDATA[]]></system-err>
</testsuite>
