<?xml version="1.0" encoding="UTF-8"?>
<testsuite name="uy.edu.um.prog2.adt.hash.MyClosedLinearHashTest" tests="4" skipped="0" failures="0" errors="0" timestamp="2020-05-27T22:27:44" hostname="RA" time="0.005">
  <properties/>
  <testcase name="testGet()" classname="uy.edu.um.prog2.adt.hash.MyClosedLinearHashTest" time="0.001"/>
  <testcase name="testPut()" classname="uy.edu.um.prog2.adt.hash.MyClosedLinearHashTest" time="0.001"/>
  <testcase name="testSize()" classname="uy.edu.um.prog2.adt.hash.MyClosedLinearHashTest" time="0.0"/>
  <testcase name="testRemove()" classname="uy.edu.um.prog2.adt.hash.MyClosedLinearHashTest" time="0.001"/>
  <system-out><![CDATA[]]></system-out>
  <system-err><![CDATA[]]></system-err>
</testsuite>
