<?xml version="1.0" encoding="UTF-8"?>
<testsuite name="uy.edu.um.prog2.adt.binarySearchTree.MyBinarySearchTreeImplTest" tests="5" skipped="0" failures="0" errors="0" timestamp="2020-05-27T22:27:44" hostname="RA" time="0.02">
  <properties/>
  <testcase name="testSize()" classname="uy.edu.um.prog2.adt.binarySearchTree.MyBinarySearchTreeImplTest" time="0.011"/>
  <testcase name="testTreeToList()" classname="uy.edu.um.prog2.adt.binarySearchTree.MyBinarySearchTreeImplTest" time="0.004"/>
  <testcase name="testContains()" classname="uy.edu.um.prog2.adt.binarySearchTree.MyBinarySearchTreeImplTest" time="0.001"/>
  <testcase name="testDelete()" classname="uy.edu.um.prog2.adt.binarySearchTree.MyBinarySearchTreeImplTest" time="0.001"/>
  <testcase name="testInsert()" classname="uy.edu.um.prog2.adt.binarySearchTree.MyBinarySearchTreeImplTest" time="0.0"/>
  <system-out><![CDATA[1 2 3 4 6 7 9 11 13 

7 2 1 4 3 6 11 9 13 

1 3 6 4 2 9 13 11 7 

7 2 11 1 4 9 13 3 6 

------------------------------------------------
7 
2 11 
1 4 9 13 
3 6 
------------------------------------------------
------------------------------------------------
7 
1 11 
4 9 13 
3 6 
------------------------------------------------
------------------------------------------------
6 
1 11 
4 9 13 
3 
------------------------------------------------
------------------------------------------------
4 
1 11 
3 9 13 
------------------------------------------------
]]></system-out>
  <system-err><![CDATA[]]></system-err>
</testsuite>
